logDefer 2024/01/06 18:56:23 Hello there!
logDefer 2024/01/06 18:56:23 Another log entry!
logDefer 2024/01/06 18:56:23 -- FUNCTION one ------
logDefer 2024/01/06 18:56:23 0
logDefer 2024/01/06 18:56:23 1
logDefer 2024/01/06 18:56:23 2
logDefer 2024/01/06 18:56:23 3
logDefer 2024/01/06 18:56:23 4
logDefer 2024/01/06 18:56:23 5
logDefer 2024/01/06 18:56:23 6
logDefer 2024/01/06 18:56:23 7
logDefer 2024/01/06 18:56:23 8
logDefer 2024/01/06 18:56:23 9
logDefer 2024/01/06 18:56:23 -- FUNCTION one ------
logDefer 2024/01/06 18:56:23 ---- FUNCTION two
logDefer 2024/01/06 18:56:23 10
logDefer 2024/01/06 18:56:23 9
logDefer 2024/01/06 18:56:23 8
logDefer 2024/01/06 18:56:23 7
logDefer 2024/01/06 18:56:23 6
logDefer 2024/01/06 18:56:23 5
logDefer 2024/01/06 18:56:23 4
logDefer 2024/01/06 18:56:23 3
logDefer 2024/01/06 18:56:23 2
logDefer 2024/01/06 18:56:23 1
logDefer 2024/01/06 18:56:23 FUNCTION two ------
logDefer 2024/01/06 18:56:26 Hello there!
logDefer 2024/01/06 18:56:26 Another log entry!
logDefer 2024/01/06 18:56:26 -- FUNCTION one ------
logDefer 2024/01/06 18:56:26 0
logDefer 2024/01/06 18:56:26 1
logDefer 2024/01/06 18:56:26 2
logDefer 2024/01/06 18:56:26 3
logDefer 2024/01/06 18:56:26 4
logDefer 2024/01/06 18:56:26 5
logDefer 2024/01/06 18:56:26 6
logDefer 2024/01/06 18:56:26 7
logDefer 2024/01/06 18:56:26 8
logDefer 2024/01/06 18:56:26 9
logDefer 2024/01/06 18:56:26 -- FUNCTION one ------
logDefer 2024/01/06 18:56:26 ---- FUNCTION two
logDefer 2024/01/06 18:56:26 10
logDefer 2024/01/06 18:56:26 9
logDefer 2024/01/06 18:56:26 8
logDefer 2024/01/06 18:56:26 7
logDefer 2024/01/06 18:56:26 6
logDefer 2024/01/06 18:56:26 5
logDefer 2024/01/06 18:56:26 4
logDefer 2024/01/06 18:56:26 3
logDefer 2024/01/06 18:56:26 2
logDefer 2024/01/06 18:56:26 1
logDefer 2024/01/06 18:56:26 FUNCTION two ------
logDefer 2024/01/06 18:58:04 Hello there!
logDefer 2024/01/06 18:58:04 Another log entry!
logDefer 2024/01/06 18:58:04 -- FUNCTION one ------
logDefer 2024/01/06 18:58:04 0
logDefer 2024/01/06 18:58:04 1
logDefer 2024/01/06 18:58:04 2
logDefer 2024/01/06 18:58:04 3
logDefer 2024/01/06 18:58:04 4
logDefer 2024/01/06 18:58:04 5
logDefer 2024/01/06 18:58:04 6
logDefer 2024/01/06 18:58:04 7
logDefer 2024/01/06 18:58:04 8
logDefer 2024/01/06 18:58:04 9
logDefer 2024/01/06 18:58:04 -- FUNCTION one ------
logDefer 2024/01/06 18:58:04 ---- FUNCTION two
logDefer 2024/01/06 18:58:04 10
logDefer 2024/01/06 18:58:04 9
logDefer 2024/01/06 18:58:04 8
logDefer 2024/01/06 18:58:04 7
logDefer 2024/01/06 18:58:04 6
logDefer 2024/01/06 18:58:04 5
logDefer 2024/01/06 18:58:04 4
logDefer 2024/01/06 18:58:04 3
logDefer 2024/01/06 18:58:04 2
logDefer 2024/01/06 18:58:04 1
logDefer 2024/01/06 18:58:04 FUNCTION two ------
